2021-06-26 01:25:38,438 INFO com.matricula.gateway.MicroserviceGatewayApplication [main] The following profiles are active: prod
2021-06-26 01:25:39,895 ERROR org.apache.catalina.core.AprLifecycleListener [main] An incompatible version [1.1.22] of the Apache Tomcat Native library is installed, while Tomcat requires version [1.2.14]
2021-06-26 01:25:46,425 INFO com.matricula.gateway.MicroserviceGatewayApplication [main] Started MicroserviceGatewayApplication in 12.114 seconds (JVM running for 13.178)
2021-06-26 01:32:32,467 INFO com.matricula.gateway.MicroserviceGatewayApplication [main] The following profiles are active: prod
2021-06-26 01:32:34,277 ERROR org.apache.catalina.core.AprLifecycleListener [main] An incompatible version [1.1.22] of the Apache Tomcat Native library is installed, while Tomcat requires version [1.2.14]
2021-06-26 01:32:41,490 INFO com.matricula.gateway.MicroserviceGatewayApplication [main] Started MicroserviceGatewayApplication in 13.544 seconds (JVM running for 14.774)
2021-06-26 01:45:48,518 INFO com.matricula.gateway.MicroserviceGatewayApplication [main] The following profiles are active: prod
2021-06-26 01:45:50,246 ERROR org.apache.catalina.core.AprLifecycleListener [main] An incompatible version [1.1.22] of the Apache Tomcat Native library is installed, while Tomcat requires version [1.2.14]
2021-06-26 01:45:57,602 INFO com.matricula.gateway.MicroserviceGatewayApplication [main] Started MicroserviceGatewayApplication in 13.13 seconds (JVM running for 14.112)
2021-06-26 01:53:59,501 INFO com.matricula.gateway.MicroserviceGatewayApplication [main] The following profiles are active: prod
2021-06-26 01:54:01,036 ERROR org.apache.catalina.core.AprLifecycleListener [main] An incompatible version [1.1.22] of the Apache Tomcat Native library is installed, while Tomcat requires version [1.2.14]
2021-06-26 01:54:07,961 INFO com.matricula.gateway.MicroserviceGatewayApplication [main] Started MicroserviceGatewayApplication in 12.359 seconds (JVM running for 13.249)
2021-06-26 01:58:30,608 INFO com.matricula.gateway.MicroserviceGatewayApplication [main] The following profiles are active: prod
2021-06-26 01:58:32,266 ERROR org.apache.catalina.core.AprLifecycleListener [main] An incompatible version [1.1.22] of the Apache Tomcat Native library is installed, while Tomcat requires version [1.2.14]
2021-06-26 01:58:38,628 INFO com.matricula.gateway.MicroserviceGatewayApplication [main] Started MicroserviceGatewayApplication in 12.466 seconds (JVM running for 13.916)
2021-06-26 02:00:45,058 INFO com.matricula.gateway.MicroserviceGatewayApplication [main] The following profiles are active: prod
2021-06-26 02:00:46,357 ERROR org.apache.catalina.core.AprLifecycleListener [main] An incompatible version [1.1.22] of the Apache Tomcat Native library is installed, while Tomcat requires version [1.2.14]
2021-06-26 02:00:52,806 INFO com.matricula.gateway.MicroserviceGatewayApplication [main] Started MicroserviceGatewayApplication in 11.751 seconds (JVM running for 12.665)
2021-06-26 02:02:28,918 INFO com.matricula.gateway.config.ZuulPreFilter2 [http-nio-8080-exec-4] Prefilter 2:: Petición GET a http://localhost:8080/alumnos/alumno/findAll de microservice-alumno
2021-06-26 02:02:29,848 INFO com.matricula.gateway.config.ZuulPostFilter [http-nio-8080-exec-4] Post filter::GET:: Tiempo de respuesta = 928 milisegundos
2021-06-26 02:02:40,716 INFO com.matricula.gateway.config.ZuulPreFilter2 [http-nio-8080-exec-5] Prefilter 2:: Petición GET a http://localhost:8080/cursos/matricula/findById/1 de microservice-curso
2021-06-26 02:02:41,806 INFO com.matricula.gateway.config.ZuulPostFilter [http-nio-8080-exec-5] Post filter::GET:: Tiempo de respuesta = 1090 milisegundos
2021-06-26 02:03:47,830 INFO com.matricula.gateway.config.ZuulPreFilter2 [http-nio-8080-exec-7] Prefilter 2:: Petición GET a http://localhost:8080/cursos/matricula/findById/1 de microservice-curso
2021-06-26 02:03:47,859 INFO com.matricula.gateway.config.ZuulPostFilter [http-nio-8080-exec-7] Post filter::GET:: Tiempo de respuesta = 28 milisegundos
2021-06-26 02:03:51,055 INFO com.matricula.gateway.config.ZuulPreFilter2 [http-nio-8080-exec-8] Prefilter 2:: Petición GET a http://localhost:8080/cursos/matricula/findById/1 de microservice-curso
2021-06-26 02:03:51,084 INFO com.matricula.gateway.config.ZuulPostFilter [http-nio-8080-exec-8] Post filter::GET:: Tiempo de respuesta = 29 milisegundos
2021-06-26 02:03:54,564 INFO com.matricula.gateway.config.ZuulPreFilter2 [http-nio-8080-exec-9] Prefilter 2:: Petición GET a http://localhost:8080/cursos/matricula/findById/1 de microservice-curso
2021-06-26 02:03:54,588 INFO com.matricula.gateway.config.ZuulPostFilter [http-nio-8080-exec-9] Post filter::GET:: Tiempo de respuesta = 24 milisegundos
2021-06-26 02:05:48,648 INFO com.matricula.gateway.config.ZuulPreFilter2 [http-nio-8080-exec-1] Prefilter 2:: Petición GET a http://localhost:8080/cursos/matricula/findById/1 de microservice-curso
2021-06-26 02:05:48,675 INFO com.matricula.gateway.config.ZuulPostFilter [http-nio-8080-exec-1] Post filter::GET:: Tiempo de respuesta = 27 milisegundos
2021-06-26 02:18:34,641 INFO com.matricula.gateway.config.ZuulPreFilter2 [http-nio-8080-exec-6] Prefilter 2:: Petición GET a http://localhost:8080/cursos/matricula/findById/1 de microservice-curso
2021-06-26 02:18:34,950 INFO com.matricula.gateway.config.ZuulPostFilter [http-nio-8080-exec-6] Post filter::GET:: Tiempo de respuesta = 296 milisegundos
2021-06-26 02:18:38,695 INFO com.matricula.gateway.config.ZuulPreFilter2 [http-nio-8080-exec-7] Prefilter 2:: Petición GET a http://localhost:8080/cursos/matricula/findById/1 de microservice-curso
2021-06-26 02:18:38,762 INFO com.matricula.gateway.config.ZuulPostFilter [http-nio-8080-exec-7] Post filter::GET:: Tiempo de respuesta = 66 milisegundos
2021-06-26 02:19:31,558 INFO com.matricula.gateway.config.ZuulPreFilter2 [http-nio-8080-exec-8] Prefilter 2:: Petición GET a http://localhost:8080/cursos/matricula/findById/1 de microservice-curso
2021-06-26 02:19:31,584 INFO com.matricula.gateway.config.ZuulPostFilter [http-nio-8080-exec-8] Post filter::GET:: Tiempo de respuesta = 25 milisegundos
2021-06-26 02:19:35,448 INFO com.matricula.gateway.config.ZuulPreFilter2 [http-nio-8080-exec-9] Prefilter 2:: Petición GET a http://localhost:8080/cursos/matricula/findById/1 de microservice-curso
2021-06-26 02:19:35,470 INFO com.matricula.gateway.config.ZuulPostFilter [http-nio-8080-exec-9] Post filter::GET:: Tiempo de respuesta = 21 milisegundos
2021-06-26 02:26:08,213 INFO com.matricula.gateway.MicroserviceGatewayApplication [main] The following profiles are active: prod
2021-06-26 02:26:09,969 ERROR org.apache.catalina.core.AprLifecycleListener [main] An incompatible version [1.1.22] of the Apache Tomcat Native library is installed, while Tomcat requires version [1.2.14]
2021-06-26 02:26:16,880 INFO com.matricula.gateway.MicroserviceGatewayApplication [main] Started MicroserviceGatewayApplication in 12.721 seconds (JVM running for 13.825)
2021-06-26 02:26:47,096 INFO com.matricula.gateway.MicroserviceGatewayApplication [main] The following profiles are active: prod
2021-06-26 02:26:48,308 ERROR org.apache.catalina.core.AprLifecycleListener [main] An incompatible version [1.1.22] of the Apache Tomcat Native library is installed, while Tomcat requires version [1.2.14]
2021-06-26 02:26:54,512 INFO com.matricula.gateway.MicroserviceGatewayApplication [main] Started MicroserviceGatewayApplication in 11.304 seconds (JVM running for 12.202)
2021-06-26 02:27:14,890 INFO com.matricula.gateway.config.ZuulPreFilter2 [http-nio-8080-exec-4] Prefilter 2:: Petición GET a http://localhost:8080/cursos/matricula/findById/1 de microservice-curso
2021-06-26 02:27:15,382 INFO com.matricula.gateway.config.ZuulPostFilter [http-nio-8080-exec-4] Post filter::GET:: Tiempo de respuesta = 490 milisegundos
2021-06-26 02:36:43,771 INFO com.matricula.gateway.config.ZuulPreFilter2 [http-nio-8080-exec-8] Prefilter 2:: Petición GET a http://localhost:8080/cursos/matricula/findById/1 de microservice-curso
2021-06-26 02:36:43,947 INFO com.matricula.gateway.config.ZuulPostFilter [http-nio-8080-exec-8] Post filter::GET:: Tiempo de respuesta = 171 milisegundos
2021-06-26 02:41:53,063 INFO com.matricula.gateway.config.ZuulPreFilter2 [http-nio-8080-exec-2] Prefilter 2:: Petición GET a http://localhost:8080/cursos/matricula/findById/1 de microservice-curso
2021-06-26 02:41:53,135 INFO com.matricula.gateway.config.ZuulPostFilter [http-nio-8080-exec-2] Post filter::GET:: Tiempo de respuesta = 72 milisegundos
2021-06-26 02:42:49,051 INFO com.matricula.gateway.config.ZuulPreFilter2 [http-nio-8080-exec-1] Prefilter 2:: Petición GET a http://localhost:8080/cursos/matricula/findById/1 de microservice-curso
2021-06-26 02:42:49,130 INFO com.matricula.gateway.config.ZuulPostFilter [http-nio-8080-exec-1] Post filter::GET:: Tiempo de respuesta = 78 milisegundos
2021-06-26 02:51:35,078 INFO com.matricula.gateway.config.ZuulPreFilter2 [http-nio-8080-exec-6] Prefilter 2:: Petición GET a http://localhost:8080/cursos/matricula/findById/1 de microservice-curso
2021-06-26 02:51:35,160 INFO com.matricula.gateway.config.ZuulPostFilter [http-nio-8080-exec-6] Post filter::GET:: Tiempo de respuesta = 80 milisegundos
2021-06-26 02:53:28,041 INFO com.matricula.gateway.config.ZuulPreFilter2 [http-nio-8080-exec-9] Prefilter 2:: Petición GET a http://localhost:8080/cursos/matricula/findById/1 de microservice-curso
2021-06-26 02:53:28,065 INFO com.matricula.gateway.config.ZuulPostFilter [http-nio-8080-exec-9] Post filter::GET:: Tiempo de respuesta = 24 milisegundos
2021-06-26 02:54:32,348 INFO com.matricula.gateway.config.ZuulPreFilter2 [http-nio-8080-exec-2] Prefilter 2:: Petición GET a http://localhost:8080/cursos/matricula/findById/1 de microservice-curso
2021-06-26 02:54:32,371 INFO com.matricula.gateway.config.ZuulPostFilter [http-nio-8080-exec-2] Post filter::GET:: Tiempo de respuesta = 22 milisegundos
2021-06-26 02:54:33,863 INFO com.matricula.gateway.config.ZuulPreFilter2 [http-nio-8080-exec-3] Prefilter 2:: Petición GET a http://localhost:8080/cursos/matricula/findById/1 de microservice-curso
2021-06-26 02:54:33,883 INFO com.matricula.gateway.config.ZuulPostFilter [http-nio-8080-exec-3] Post filter::GET:: Tiempo de respuesta = 19 milisegundos
2021-06-26 02:57:35,037 INFO com.matricula.gateway.config.ZuulPreFilter2 [http-nio-8080-exec-6] Prefilter 2:: Petición GET a http://localhost:8080/cursos/matricula/findById/1 de microservice-curso
2021-06-26 02:57:35,230 INFO com.matricula.gateway.config.ZuulPostFilter [http-nio-8080-exec-6] Post filter::GET:: Tiempo de respuesta = 193 milisegundos
2021-06-26 03:00:49,452 INFO com.matricula.gateway.config.ZuulPreFilter2 [http-nio-8080-exec-9] Prefilter 2:: Petición GET a http://localhost:8080/cursos/matricula/findById/1 de microservice-curso
2021-06-26 03:00:49,820 INFO com.matricula.gateway.config.ZuulPostFilter [http-nio-8080-exec-9] Post filter::GET:: Tiempo de respuesta = 368 milisegundos
2021-06-26 03:01:14,265 INFO com.matricula.gateway.config.ZuulPreFilter2 [http-nio-8080-exec-1] Prefilter 2:: Petición GET a http://localhost:8080/cursos/matricula/findById/1 de microservice-curso
2021-06-26 03:01:14,268 INFO com.matricula.gateway.config.ZuulPostFilter [http-nio-8080-exec-1] Post filter::GET:: Tiempo de respuesta = 1 milisegundos
2021-06-26 03:01:29,948 INFO com.matricula.gateway.config.ZuulPreFilter2 [http-nio-8080-exec-3] Prefilter 2:: Petición GET a http://localhost:8080/cursos/matricula/findById/1 de microservice-curso
2021-06-26 03:01:29,950 INFO com.matricula.gateway.config.ZuulPostFilter [http-nio-8080-exec-3] Post filter::GET:: Tiempo de respuesta = 1 milisegundos
2021-06-26 03:02:33,504 INFO com.matricula.gateway.config.ZuulPreFilter2 [http-nio-8080-exec-6] Prefilter 2:: Petición GET a http://localhost:8080/cursos/matricula/findById/1 de microservice-curso
2021-06-26 03:02:33,714 INFO com.matricula.gateway.config.ZuulPostFilter [http-nio-8080-exec-6] Post filter::GET:: Tiempo de respuesta = 209 milisegundos
2021-06-26 03:02:37,670 INFO com.matricula.gateway.config.ZuulPreFilter2 [http-nio-8080-exec-7] Prefilter 2:: Petición GET a http://localhost:8080/cursos/matricula/findById/1 de microservice-curso
2021-06-26 03:02:37,693 INFO com.matricula.gateway.config.ZuulPostFilter [http-nio-8080-exec-7] Post filter::GET:: Tiempo de respuesta = 23 milisegundos
2021-06-26 03:02:38,796 INFO com.matricula.gateway.config.ZuulPreFilter2 [http-nio-8080-exec-8] Prefilter 2:: Petición GET a http://localhost:8080/cursos/matricula/findById/1 de microservice-curso
2021-06-26 03:02:38,819 INFO com.matricula.gateway.config.ZuulPostFilter [http-nio-8080-exec-8] Post filter::GET:: Tiempo de respuesta = 22 milisegundos
2021-06-26 03:03:06,256 INFO com.matricula.gateway.config.ZuulPreFilter2 [http-nio-8080-exec-9] Prefilter 2:: Petición GET a http://localhost:8080/cursos/matricula/findById/1 de microservice-curso
2021-06-26 03:03:06,278 INFO com.matricula.gateway.config.ZuulPostFilter [http-nio-8080-exec-9] Post filter::GET:: Tiempo de respuesta = 21 milisegundos
2021-06-26 03:22:50,686 INFO com.matricula.gateway.config.ZuulPreFilter2 [http-nio-8080-exec-3] Prefilter 2:: Petición GET a http://localhost:8080/cursos/matricula/findById/1 de microservice-curso
2021-06-26 03:22:50,857 INFO com.matricula.gateway.config.ZuulPostFilter [http-nio-8080-exec-3] Post filter::GET:: Tiempo de respuesta = 168 milisegundos
2021-06-26 03:26:45,271 INFO com.matricula.gateway.config.ZuulPreFilter2 [http-nio-8080-exec-6] Prefilter 2:: Petición GET a http://localhost:8080/cursos/matricula/findById/1 de microservice-curso
2021-06-26 03:26:45,377 INFO com.matricula.gateway.config.ZuulPostFilter [http-nio-8080-exec-6] Post filter::GET:: Tiempo de respuesta = 103 milisegundos
2021-06-26 03:27:26,097 INFO com.matricula.gateway.config.ZuulPreFilter2 [http-nio-8080-exec-7] Prefilter 2:: Petición GET a http://localhost:8080/cursos/matricula/findById/1 de microservice-curso
2021-06-26 03:27:26,100 INFO com.matricula.gateway.config.ZuulPostFilter [http-nio-8080-exec-7] Post filter::GET:: Tiempo de respuesta = 3 milisegundos
2021-06-26 03:27:32,067 INFO com.matricula.gateway.config.ZuulPreFilter2 [http-nio-8080-exec-9] Prefilter 2:: Petición GET a http://localhost:8080/cursos/matricula/findById/1 de microservice-curso
2021-06-26 03:27:32,071 INFO com.matricula.gateway.config.ZuulPostFilter [http-nio-8080-exec-9] Post filter::GET:: Tiempo de respuesta = 4 milisegundos
2021-06-26 03:27:33,094 INFO com.matricula.gateway.config.ZuulPreFilter2 [http-nio-8080-exec-10] Prefilter 2:: Petición GET a http://localhost:8080/cursos/matricula/findById/1 de microservice-curso
2021-06-26 03:27:33,097 INFO com.matricula.gateway.config.ZuulPostFilter [http-nio-8080-exec-10] Post filter::GET:: Tiempo de respuesta = 2 milisegundos
2021-06-26 03:27:34,148 INFO com.matricula.gateway.config.ZuulPreFilter2 [http-nio-8080-exec-3] Prefilter 2:: Petición GET a http://localhost:8080/cursos/matricula/findById/1 de microservice-curso
2021-06-26 03:27:34,151 INFO com.matricula.gateway.config.ZuulPostFilter [http-nio-8080-exec-3] Post filter::GET:: Tiempo de respuesta = 2 milisegundos
2021-06-26 03:27:35,128 INFO com.matricula.gateway.config.ZuulPreFilter2 [http-nio-8080-exec-5] Prefilter 2:: Petición GET a http://localhost:8080/cursos/matricula/findById/1 de microservice-curso
2021-06-26 03:27:35,130 INFO com.matricula.gateway.config.ZuulPostFilter [http-nio-8080-exec-5] Post filter::GET:: Tiempo de respuesta = 1 milisegundos
2021-06-26 03:27:36,267 INFO com.matricula.gateway.config.ZuulPreFilter2 [http-nio-8080-exec-7] Prefilter 2:: Petición GET a http://localhost:8080/cursos/matricula/findById/1 de microservice-curso
2021-06-26 03:27:36,268 INFO com.matricula.gateway.config.ZuulPostFilter [http-nio-8080-exec-7] Post filter::GET:: Tiempo de respuesta = 1 milisegundos
2021-06-26 03:27:37,238 INFO com.matricula.gateway.config.ZuulPreFilter2 [http-nio-8080-exec-9] Prefilter 2:: Petición GET a http://localhost:8080/cursos/matricula/findById/1 de microservice-curso
2021-06-26 03:27:37,240 INFO com.matricula.gateway.config.ZuulPostFilter [http-nio-8080-exec-9] Post filter::GET:: Tiempo de respuesta = 1 milisegundos
2021-06-26 03:27:38,360 INFO com.matricula.gateway.config.ZuulPreFilter2 [http-nio-8080-exec-10] Prefilter 2:: Petición GET a http://localhost:8080/cursos/matricula/findById/1 de microservice-curso
2021-06-26 03:27:38,361 INFO com.matricula.gateway.config.ZuulPostFilter [http-nio-8080-exec-10] Post filter::GET:: Tiempo de respuesta = 1 milisegundos
2021-06-26 03:27:39,817 INFO com.matricula.gateway.config.ZuulPreFilter2 [http-nio-8080-exec-2] Prefilter 2:: Petición GET a http://localhost:8080/cursos/matricula/findById/1 de microservice-curso
2021-06-26 03:27:39,818 INFO com.matricula.gateway.config.ZuulPostFilter [http-nio-8080-exec-2] Post filter::GET:: Tiempo de respuesta = 1 milisegundos
2021-06-26 03:27:41,026 INFO com.matricula.gateway.config.ZuulPreFilter2 [http-nio-8080-exec-5] Prefilter 2:: Petición GET a http://localhost:8080/cursos/matricula/findById/1 de microservice-curso
2021-06-26 03:27:41,028 INFO com.matricula.gateway.config.ZuulPostFilter [http-nio-8080-exec-5] Post filter::GET:: Tiempo de respuesta = 2 milisegundos
2021-06-26 03:27:48,810 INFO com.matricula.gateway.config.ZuulPreFilter2 [http-nio-8080-exec-7] Prefilter 2:: Petición GET a http://localhost:8080/cursos/matricula/findById/1 de microservice-curso
2021-06-26 03:27:48,838 INFO com.matricula.gateway.config.ZuulPostFilter [http-nio-8080-exec-7] Post filter::GET:: Tiempo de respuesta = 27 milisegundos
2021-06-26 03:31:53,569 INFO com.matricula.gateway.config.ZuulPreFilter2 [http-nio-8080-exec-1] Prefilter 2:: Petición GET a http://localhost:8080/cursos/matricula/findById/1 de microservice-curso
2021-06-26 03:31:53,855 INFO com.matricula.gateway.config.ZuulPostFilter [http-nio-8080-exec-1] Post filter::GET:: Tiempo de respuesta = 286 milisegundos
2021-06-26 03:32:34,644 INFO com.matricula.gateway.config.ZuulPreFilter2 [http-nio-8080-exec-10] Prefilter 2:: Petición GET a http://localhost:8080/cursos/matricula/findById/1 de microservice-curso
2021-06-26 03:32:34,741 INFO com.matricula.gateway.config.ZuulPostFilter [http-nio-8080-exec-10] Post filter::GET:: Tiempo de respuesta = 95 milisegundos
2021-06-26 03:33:03,963 INFO com.matricula.gateway.config.ZuulPreFilter2 [http-nio-8080-exec-2] Prefilter 2:: Petición GET a http://localhost:8080/cursos/matricula/findById/1 de microservice-curso
2021-06-26 03:33:03,983 INFO com.matricula.gateway.config.ZuulPostFilter [http-nio-8080-exec-2] Post filter::GET:: Tiempo de respuesta = 19 milisegundos
2021-06-26 03:33:26,828 INFO com.matricula.gateway.config.ZuulPreFilter2 [http-nio-8080-exec-4] Prefilter 2:: Petición GET a http://localhost:8080/cursos/matricula/findById/1 de microservice-curso
2021-06-26 03:33:26,848 INFO com.matricula.gateway.config.ZuulPostFilter [http-nio-8080-exec-4] Post filter::GET:: Tiempo de respuesta = 19 milisegundos
2021-06-26 03:33:28,401 INFO com.matricula.gateway.config.ZuulPreFilter2 [http-nio-8080-exec-5] Prefilter 2:: Petición GET a http://localhost:8080/cursos/matricula/findById/1 de microservice-curso
2021-06-26 03:33:28,417 INFO com.matricula.gateway.config.ZuulPostFilter [http-nio-8080-exec-5] Post filter::GET:: Tiempo de respuesta = 16 milisegundos
2021-06-26 03:34:44,752 INFO com.matricula.gateway.config.ZuulPreFilter2 [http-nio-8080-exec-8] Prefilter 2:: Petición GET a http://localhost:8080/cursos/matricula/findById/1 de microservice-curso
2021-06-26 03:34:44,817 INFO com.matricula.gateway.config.ZuulPostFilter [http-nio-8080-exec-8] Post filter::GET:: Tiempo de respuesta = 64 milisegundos
2021-06-26 03:37:22,238 INFO com.matricula.gateway.config.ZuulPreFilter2 [http-nio-8080-exec-10] Prefilter 2:: Petición GET a http://localhost:8080/cursos/matricula/findById/1 de microservice-curso
2021-06-26 03:37:22,327 INFO com.matricula.gateway.config.ZuulPostFilter [http-nio-8080-exec-10] Post filter::GET:: Tiempo de respuesta = 88 milisegundos
2021-06-26 03:39:12,624 INFO com.matricula.gateway.config.ZuulPreFilter2 [http-nio-8080-exec-2] Prefilter 2:: Petición GET a http://localhost:8080/cursos/matricula/findById/1 de microservice-curso
2021-06-26 03:39:12,650 INFO com.matricula.gateway.config.ZuulPostFilter [http-nio-8080-exec-2] Post filter::GET:: Tiempo de respuesta = 26 milisegundos
2021-06-26 03:39:42,542 INFO com.matricula.gateway.config.ZuulPreFilter2 [http-nio-8080-exec-5] Prefilter 2:: Petición GET a http://localhost:8080/cursos/matricula/findById/1 de microservice-curso
2021-06-26 03:39:43,996 INFO com.matricula.gateway.config.ZuulPostFilter [http-nio-8080-exec-5] Post filter::GET:: Tiempo de respuesta = 1454 milisegundos
2021-06-26 03:40:05,231 INFO com.matricula.gateway.config.ZuulPreFilter2 [http-nio-8080-exec-6] Prefilter 2:: Petición GET a http://localhost:8080/cursos/matricula/findById/1 de microservice-curso
2021-06-26 03:40:05,508 INFO com.matricula.gateway.config.ZuulPostFilter [http-nio-8080-exec-6] Post filter::GET:: Tiempo de respuesta = 276 milisegundos
2021-06-26 03:44:30,122 INFO com.matricula.gateway.config.ZuulPreFilter2 [http-nio-8080-exec-1] Prefilter 2:: Petición GET a http://localhost:8080/cursos/matricula/findAll de microservice-curso
2021-06-26 03:44:30,441 INFO com.matricula.gateway.config.ZuulPostFilter [http-nio-8080-exec-1] Post filter::GET:: Tiempo de respuesta = 319 milisegundos
2021-06-26 03:44:32,045 INFO com.matricula.gateway.config.ZuulPreFilter2 [http-nio-8080-exec-10] Prefilter 2:: Petición GET a http://localhost:8080/cursos/matricula/findAll de microservice-curso
2021-06-26 03:44:32,108 INFO com.matricula.gateway.config.ZuulPostFilter [http-nio-8080-exec-10] Post filter::GET:: Tiempo de respuesta = 63 milisegundos
2021-06-26 03:44:40,455 INFO com.matricula.gateway.config.ZuulPreFilter2 [http-nio-8080-exec-3] Prefilter 2:: Petición GET a http://localhost:8080/cursos/matricula/findAll de microservice-curso
2021-06-26 03:44:40,510 INFO com.matricula.gateway.config.ZuulPostFilter [http-nio-8080-exec-3] Post filter::GET:: Tiempo de respuesta = 54 milisegundos
2021-06-26 03:44:50,774 INFO com.matricula.gateway.config.ZuulPreFilter2 [http-nio-8080-exec-5] Prefilter 2:: Petición GET a http://localhost:8080/cursos/matricula/findAll de microservice-curso
2021-06-26 03:44:50,777 INFO com.matricula.gateway.config.ZuulPostFilter [http-nio-8080-exec-5] Post filter::GET:: Tiempo de respuesta = 3 milisegundos
2021-06-26 03:44:55,280 INFO com.matricula.gateway.config.ZuulPreFilter2 [http-nio-8080-exec-7] Prefilter 2:: Petición GET a http://localhost:8080/cursos/matricula/findAll de microservice-curso
2021-06-26 03:44:55,283 INFO com.matricula.gateway.config.ZuulPostFilter [http-nio-8080-exec-7] Post filter::GET:: Tiempo de respuesta = 2 milisegundos
2021-06-26 03:45:00,998 INFO com.matricula.gateway.config.ZuulPreFilter2 [http-nio-8080-exec-9] Prefilter 2:: Petición GET a http://localhost:8080/cursos/matricula/findAll de microservice-curso
2021-06-26 03:45:01,000 INFO com.matricula.gateway.config.ZuulPostFilter [http-nio-8080-exec-9] Post filter::GET:: Tiempo de respuesta = 2 milisegundos
2021-06-26 03:45:13,153 INFO com.matricula.gateway.config.ZuulPreFilter2 [http-nio-8080-exec-10] Prefilter 2:: Petición GET a http://localhost:8080/cursos/matricula/findAll de microservice-curso
2021-06-26 03:45:13,155 INFO com.matricula.gateway.config.ZuulPostFilter [http-nio-8080-exec-10] Post filter::GET:: Tiempo de respuesta = 1 milisegundos
2021-06-26 03:45:23,573 INFO com.matricula.gateway.config.ZuulPreFilter2 [http-nio-8080-exec-4] Prefilter 2:: Petición GET a http://localhost:8080/cursos/matricula/findAll de microservice-curso
2021-06-26 03:45:23,624 INFO com.matricula.gateway.config.ZuulPostFilter [http-nio-8080-exec-4] Post filter::GET:: Tiempo de respuesta = 51 milisegundos
